<?xml version="1.0" encoding="UTF-8"?>
<testsuite xmlns:xsi="http://www.w3.org/2001/XMLSchema-instance" xsi:noNamespaceSchemaLocation="https://maven.apache.org/surefire/maven-surefire-plugin/xsd/surefire-test-report.xsd" name="com.mycompany.roulette.DozenBetTest" time="0" tests="3" errors="0" skipped="0" failures="0">
  <properties>
    <property name="java.specification.version" value="19"/>
    <property name="sun.cpu.isalist" value="amd64"/>
    <property name="sun.jnu.encoding" value="Cp1252"/>
    <property name="java.class.path" value="D:\UMSS\Arquitectura de Software\casino-roulette\target\test-classes;D:\UMSS\Arquitectura de Software\casino-roulette\target\classes;C:\Users\Fernando\.m2\repository\org\netbeans\external\AbsoluteLayout\RELEASE160\AbsoluteLayout-RELEASE160.jar;C:\Users\Fernando\.m2\repository\org\junit\jupiter\junit-jupiter-api\5.6.0\junit-jupiter-api-5.6.0.jar;C:\Users\Fernando\.m2\repository\org\apiguardian\apiguardian-api\1.1.0\apiguardian-api-1.1.0.jar;C:\Users\Fernando\.m2\repository\org\opentest4j\opentest4j\1.2.0\opentest4j-1.2.0.jar;C:\Users\Fernando\.m2\repository\org\junit\platform\junit-platform-commons\1.6.0\junit-platform-commons-1.6.0.jar;C:\Users\Fernando\.m2\repository\org\junit\jupiter\junit-jupiter-params\5.6.0\junit-jupiter-params-5.6.0.jar;C:\Users\Fernando\.m2\repository\org\junit\jupiter\junit-jupiter-engine\5.6.0\junit-jupiter-engine-5.6.0.jar;C:\Users\Fernando\.m2\repository\org\junit\platform\junit-platform-engine\1.6.0\junit-platform-engine-1.6.0.jar;"/>
    <property name="java.vm.vendor" value="Oracle Corporation"/>
    <property name="sun.arch.data.model" value="64"/>
    <property name="user.variant" value=""/>
    <property name="java.vendor.url" value="https://java.oracle.com/"/>
    <property name="user.timezone" value="America/Caracas"/>
    <property name="os.name" value="Windows 11"/>
    <property name="java.vm.specification.version" value="19"/>
    <property name="user.country" value="BO"/>
    <property name="sun.java.launcher" value="SUN_STANDARD"/>
    <property name="sun.boot.library.path" value="C:\Program Files\Java\jdk-19\bin"/>
    <property name="sun.java.command" value="C:\Users\Fernando\AppData\Local\Temp\surefire10168854061656077250\surefirebooter10834133622074530607.jar C:\Users\Fernando\AppData\Local\Temp\surefire10168854061656077250 2023-10-22T22-50-07_542-jvmRun1 surefire11008411559064816222tmp surefire_015145815874234778425tmp"/>
    <property name="jdk.debug" value="release"/>
    <property name="test" value="com.mycompany.roulette.**.*Test"/>
    <property name="surefire.test.class.path" value="D:\UMSS\Arquitectura de Software\casino-roulette\target\test-classes;D:\UMSS\Arquitectura de Software\casino-roulette\target\classes;C:\Users\Fernando\.m2\repository\org\netbeans\external\AbsoluteLayout\RELEASE160\AbsoluteLayout-RELEASE160.jar;C:\Users\Fernando\.m2\repository\org\junit\jupiter\junit-jupiter-api\5.6.0\junit-jupiter-api-5.6.0.jar;C:\Users\Fernando\.m2\repository\org\apiguardian\apiguardian-api\1.1.0\apiguardian-api-1.1.0.jar;C:\Users\Fernando\.m2\repository\org\opentest4j\opentest4j\1.2.0\opentest4j-1.2.0.jar;C:\Users\Fernando\.m2\repository\org\junit\platform\junit-platform-commons\1.6.0\junit-platform-commons-1.6.0.jar;C:\Users\Fernando\.m2\repository\org\junit\jupiter\junit-jupiter-params\5.6.0\junit-jupiter-params-5.6.0.jar;C:\Users\Fernando\.m2\repository\org\junit\jupiter\junit-jupiter-engine\5.6.0\junit-jupiter-engine-5.6.0.jar;C:\Users\Fernando\.m2\repository\org\junit\platform\junit-platform-engine\1.6.0\junit-platform-engine-1.6.0.jar;"/>
    <property name="sun.cpu.endian" value="little"/>
    <property name="user.home" value="C:\Users\Fernando"/>
    <property name="user.language" value="es"/>
    <property name="java.specification.vendor" value="Oracle Corporation"/>
    <property name="java.version.date" value="2023-01-17"/>
    <property name="java.home" value="C:\Program Files\Java\jdk-19"/>
    <property name="file.separator" value="\"/>
    <property name="basedir" value="D:\UMSS\Arquitectura de Software\casino-roulette"/>
    <property name="java.vm.compressedOopsMode" value="Zero based"/>
    <property name="line.separator" value="&#10;"/>
    <property name="java.vm.specification.vendor" value="Oracle Corporation"/>
    <property name="java.specification.name" value="Java Platform API Specification"/>
    <property name="surefire.real.class.path" value="C:\Users\Fernando\AppData\Local\Temp\surefire10168854061656077250\surefirebooter10834133622074530607.jar"/>
    <property name="user.script" value=""/>
    <property name="sun.management.compiler" value="HotSpot 64-Bit Tiered Compilers"/>
    <property name="java.runtime.version" value="19.0.2+7-44"/>
    <property name="user.name" value="Fernando"/>
    <property name="stdout.encoding" value="Cp1252"/>
    <property name="path.separator" value=";"/>
    <property name="os.version" value="10.0"/>
    <property name="java.runtime.name" value="Java(TM) SE Runtime Environment"/>
    <property name="file.encoding" value="UTF-8"/>
    <property name="java.vm.name" value="Java HotSpot(TM) 64-Bit Server VM"/>
    <property name="maven.ext.class.path" value="C:\Program Files\NetBeans-16\netbeans\java\maven-nblib\netbeans-eventspy.jar"/>
    <property name="localRepository" value="C:\Users\Fernando\.m2\repository"/>
    <property name="java.vendor.url.bug" value="https://bugreport.java.com/bugreport/"/>
    <property name="java.io.tmpdir" value="C:\Users\Fernando\AppData\Local\Temp\"/>
    <property name="java.version" value="19.0.2"/>
    <property name="user.dir" value="D:\UMSS\Arquitectura de Software\casino-roulette"/>
    <property name="os.arch" value="amd64"/>
    <property name="java.vm.specification.name" value="Java Virtual Machine Specification"/>
    <property name="sun.os.patch.level" value=""/>
    <property name="native.encoding" value="Cp1252"/>
    <property name="java.library.path" value="C:\Program Files\Java\jdk-19\bin;C:\WINDOWS\Sun\Java\bin;C:\WINDOWS\system32;C:\WINDOWS;C:\Program Files\Common Files\Oracle\Java\javapath;C:\ProgramData\Oracle\Java\javapath;C:\Windows\system32;C:\Windows;C:\Windows\System32\Wbem;C:\Windows\System32\WindowsPowerShell\v1.0\;C:\Windows\System32\OpenSSH\;C:\Program Files (x86)\QuickTime\QTSystem\;C:\Program Files (x86)\NVIDIA Corporation\PhysX\Common;C:\Program Files\Docker\Docker\resources\bin;C:\ProgramData\DockerDesktop\version-bin;C:\ProgramData\chocolatey\bin;C:\Users\Fernando\AppData\Roaming\nvm;C:\Program Files\nodejs;C:\Program Files\OpenJDK\openjdk-11.0.15_10\bin;C:\Program Files\Microsoft SQL Server\Client SDK\ODBC\170\Tools\Binn\;C:\Program Files (x86)\Microsoft SQL Server\150\Tools\Binn\;C:\Program Files\Microsoft SQL Server\150\Tools\Binn\;C:\Program Files\Microsoft SQL Server\150\DTS\Binn\;C:\Program Files\Git\cmd;C:\Pack RadASM\GoRC\;C:\WINDOWS\system32;C:\WINDOWS;C:\WINDOWS\System32\Wbem;C:\WINDOWS\System32\WindowsPowerShell\v1.0\;C:\WINDOWS\System32\OpenSSH\;C:\Users\Fernando\AppData\Local\Pub\Cache\bin;C:\Users\Fernando\.console-ninja\.bin;C:\Program Files\MySQL\MySQL Shell 8.0\bin\;C:\Users\Fernando\AppData\Local\Microsoft\WindowsApps;C:\Users\Fernando\AppData\Local\Programs\Microsoft VS Code\bin;C:\Users\Fernando\AppData\Roaming\nvm;C:\Program Files\nodejs;C:\Users\Fernando\AppData\Local\Android\Sdk\platform-tools;C:\Program Files\Azure Data Studio\bin;C:\Users\Fernando\AppData\Local\Microsoft\WindowsApps;C:\Users\Fernando\AppData\Roaming\Pub\Cache\bin;C:\tools\flutter\bin;C:\tools\dart-sdk\bin;C:\Users\Fernando\AppData\Local\Pub\Cache\bin;;."/>
    <property name="java.vm.info" value="mixed mode, sharing"/>
    <property name="stderr.encoding" value="Cp1252"/>
    <property name="java.vendor" value="Oracle Corporation"/>
    <property name="java.vm.version" value="19.0.2+7-44"/>
    <property name="sun.io.unicode.encoding" value="UnicodeLittle"/>
    <property name="java.class.version" value="63.0"/>
  </properties>
  <testcase name="shouldWinThirdDozenBet" classname="com.mycompany.roulette.DozenBetTest" time="0"/>
  <testcase name="shouldWinSecondDozenBet" classname="com.mycompany.roulette.DozenBetTest" time="0"/>
  <testcase name="shouldWinFirstDozenBet" classname="com.mycompany.roulette.DozenBetTest" time="0"/>
</testsuite>